<?xml version="1.0" encoding="UTF-8"?>
<testng-results ignored="1" total="2" passed="0" failed="1" skipped="0">
  <reporter-output>
    <line>
      <![CDATA[[[ChromeDriver: chrome on WINDOWS (c7c3a39756914f8c7e941fad29cd940c)] -> xpath: //a[text()='Categories']] This element has been clicked<br>]]>
    </line>
    <line>
      <![CDATA[[[ChromeDriver: chrome on WINDOWS (c7c3a39756914f8c7e941fad29cd940c)] -> xpath: //span[text()='College']] This element has been clicked<br>]]>
    </line>
    <line>
      <![CDATA[[[ChromeDriver: chrome on WINDOWS (c7c3a39756914f8c7e941fad29cd940c)] -> xpath: //span[text()='Dorm Must Haves']] This element has been clicked<br>]]>
    </line>
    <line>
      <![CDATA[[[ChromeDriver: chrome on WINDOWS (c7c3a39756914f8c7e941fad29cd940c)] -> xpath: //h1[text()='Dorm Must Haves']] :has value---->Dorm Must Haves<br>]]>
    </line>
    <line>
      <![CDATA[[[ChromeDriver: chrome on WINDOWS (c7c3a39756914f8c7e941fad29cd940c)] -> xpath: //h1[text()='Dorm Must Haves']] :has value---->Dorm Must Haves<br>]]>
    </line>
    <line>
      <![CDATA[Current Url is: https://www.target.com/c/dorm-must-haves/-/N-vwnyd<br>]]>
    </line>
    <line>
      <![CDATA[Current Url is: https://www.target.com/c/dorm-must-haves/-/N-vwnyd<br>]]>
    </line>
    <line>
      <![CDATA[[[ChromeDriver: chrome on WINDOWS (c7c3a39756914f8c7e941fad29cd940c)] -> xpath: //h1[text()='Dorm Must Haves']] This element has been clicked<br>]]>
    </line>
    <line>
      <![CDATA[[[ChromeDriver: chrome on WINDOWS (c7c3a39756914f8c7e941fad29cd940c)] -> css selector: div.styles__HeadingContainer-sc-4tej7h-0.hVEHfS] :has value---->Dorm Must Haves<br>]]>
    </line>
  </reporter-output>
  <suite started-at="2022-08-16T19:21:28 EDT" name="RegressionSuite" finished-at="2022-08-16T19:21:46 EDT" duration-ms="18174">
    <groups>
    </groups>
    <test started-at="2022-08-16T19:21:28 EDT" name="Test" finished-at="2022-08-16T19:21:46 EDT" duration-ms="18174">
      <class name="com.target.qa.test.categories.CategoriesTestClass">
        <test-method is-config="true" signature="setUp()[pri:0, instance:com.target.qa.test.categories.CategoriesTestClass@1b6e1eff]" started-at="2022-08-16T19:21:28 EDT" name="setUp" finished-at="2022-08-16T19:21:41 EDT" duration-ms="12914" status="PASS">
          <reporter-output>
          </reporter-output>
        </test-method> <!-- setUp -->
        <test-method signature="getCategories()[pri:0, instance:com.target.qa.test.categories.CategoriesTestClass@1b6e1eff]" started-at="2022-08-16T19:21:41 EDT" name="getCategories" finished-at="2022-08-16T19:21:45 EDT" duration-ms="4587" status="FAIL">
          <exception class="java.lang.AssertionError">
            <message>
              <![CDATA[expected [Dorm Must Haves] but found [bedding sheets : Dorm Bedding]]]>
            </message>
            <full-stacktrace>
              <![CDATA[java.lang.AssertionError: expected [Dorm Must Haves] but found [bedding sheets : Dorm Bedding]
at org.testng.Assert.fail(Assert.java:97)
at org.testng.Assert.assertEqualsImpl(Assert.java:136)
at org.testng.Assert.assertEquals(Assert.java:118)
at org.testng.Assert.assertEquals(Assert.java:575)
at org.testng.Assert.assertEquals(Assert.java:585)
at objects.DormBedding.getTitle(DormBedding.java:27)
at objects.DormBedding.dormBeddingSteps(DormBedding.java:42)
at com.target.qa.test.categories.CategoriesTestClass.getCategories(CategoriesTestClass.java:12)
at java.base/jdk.internal.reflect.NativeMethodAccessorImpl.invoke0(Native Method)
at java.base/jdk.internal.reflect.NativeMethodAccessorImpl.invoke(NativeMethodAccessorImpl.java:77)
at java.base/jdk.internal.reflect.DelegatingMethodAccessorImpl.invoke(DelegatingMethodAccessorImpl.java:43)
at java.base/java.lang.reflect.Method.invoke(Method.java:568)
at org.testng.internal.MethodInvocationHelper.invokeMethod(MethodInvocationHelper.java:134)
at org.testng.internal.TestInvoker.invokeMethod(TestInvoker.java:597)
at org.testng.internal.TestInvoker.invokeTestMethod(TestInvoker.java:173)
at org.testng.internal.MethodRunner.runInSequence(MethodRunner.java:46)
at org.testng.internal.TestInvoker$MethodInvocationAgent.invoke(TestInvoker.java:816)
at org.testng.internal.TestInvoker.invokeTestMethods(TestInvoker.java:146)
at org.testng.internal.TestMethodWorker.invokeTestMethods(TestMethodWorker.java:146)
at org.testng.internal.TestMethodWorker.run(TestMethodWorker.java:128)
at java.base/java.util.ArrayList.forEach(ArrayList.java:1511)
at org.testng.TestRunner.privateRun(TestRunner.java:766)
at org.testng.TestRunner.run(TestRunner.java:587)
at org.testng.SuiteRunner.runTest(SuiteRunner.java:384)
at org.testng.SuiteRunner.runSequentially(SuiteRunner.java:378)
at org.testng.SuiteRunner.privateRun(SuiteRunner.java:337)
at org.testng.SuiteRunner.run(SuiteRunner.java:286)
at org.testng.SuiteRunnerWorker.runSuite(SuiteRunnerWorker.java:53)
at org.testng.SuiteRunnerWorker.run(SuiteRunnerWorker.java:96)
at org.testng.TestNG.runSuitesSequentially(TestNG.java:1187)
at org.testng.TestNG.runSuitesLocally(TestNG.java:1109)
at org.testng.TestNG.runSuites(TestNG.java:1039)
at org.testng.TestNG.run(TestNG.java:1007)
at org.testng.remote.AbstractRemoteTestNG.run(AbstractRemoteTestNG.java:115)
at org.testng.remote.RemoteTestNG.initAndRun(RemoteTestNG.java:251)
at org.testng.remote.RemoteTestNG.main(RemoteTestNG.java:77)
]]>
            </full-stacktrace>
          </exception> <!-- java.lang.AssertionError -->
          <reporter-output>
            <line>
              <![CDATA[[[ChromeDriver: chrome on WINDOWS (c7c3a39756914f8c7e941fad29cd940c)] -> xpath: //a[text()='Categories']] This element has been clicked<br>]]>
            </line>
            <line>
              <![CDATA[[[ChromeDriver: chrome on WINDOWS (c7c3a39756914f8c7e941fad29cd940c)] -> xpath: //span[text()='College']] This element has been clicked<br>]]>
            </line>
            <line>
              <![CDATA[[[ChromeDriver: chrome on WINDOWS (c7c3a39756914f8c7e941fad29cd940c)] -> xpath: //span[text()='Dorm Must Haves']] This element has been clicked<br>]]>
            </line>
            <line>
              <![CDATA[[[ChromeDriver: chrome on WINDOWS (c7c3a39756914f8c7e941fad29cd940c)] -> xpath: //h1[text()='Dorm Must Haves']] :has value---->Dorm Must Haves<br>]]>
            </line>
            <line>
              <![CDATA[[[ChromeDriver: chrome on WINDOWS (c7c3a39756914f8c7e941fad29cd940c)] -> xpath: //h1[text()='Dorm Must Haves']] :has value---->Dorm Must Haves<br>]]>
            </line>
            <line>
              <![CDATA[Current Url is: https://www.target.com/c/dorm-must-haves/-/N-vwnyd<br>]]>
            </line>
            <line>
              <![CDATA[Current Url is: https://www.target.com/c/dorm-must-haves/-/N-vwnyd<br>]]>
            </line>
            <line>
              <![CDATA[[[ChromeDriver: chrome on WINDOWS (c7c3a39756914f8c7e941fad29cd940c)] -> xpath: //h1[text()='Dorm Must Haves']] This element has been clicked<br>]]>
            </line>
            <line>
              <![CDATA[[[ChromeDriver: chrome on WINDOWS (c7c3a39756914f8c7e941fad29cd940c)] -> css selector: div.styles__HeadingContainer-sc-4tej7h-0.hVEHfS] :has value---->Dorm Must Haves<br>]]>
            </line>
          </reporter-output>
        </test-method> <!-- getCategories -->
        <test-method is-config="true" signature="terminate()[pri:0, instance:com.target.qa.test.categories.CategoriesTestClass@1b6e1eff]" started-at="2022-08-16T19:21:45 EDT" name="terminate" finished-at="2022-08-16T19:21:46 EDT" duration-ms="612" status="PASS">
          <reporter-output>
          </reporter-output>
        </test-method> <!-- terminate -->
      </class> <!-- com.target.qa.test.categories.CategoriesTestClass -->
    </test> <!-- Test -->
  </suite> <!-- RegressionSuite -->
</testng-results>
