<?xml version="1.0" encoding="UTF-8"?>
<!-- Generated by org.testng.reporters.JUnitReportReporter -->
<testsuite hostname="DESKTOP-O3KMR4H" failures="1" tests="1" name="com.target.qa.test.categories.CategoriesTestClass" time="18.113" errors="0" timestamp="2022-08-16T19:21:46 EDT" skipped="0">
  <testcase classname="com.target.qa.test.categories.CategoriesTestClass" name="getCategories" time="18.113">
    <failure message="expected [Dorm Must Haves] but found [bedding sheets : Dorm Bedding]" type="java.lang.AssertionError">
      <![CDATA[java.lang.AssertionError: expected [Dorm Must Haves] but found [bedding sheets : Dorm Bedding]
at org.testng.Assert.fail(Assert.java:97)
at org.testng.Assert.assertEqualsImpl(Assert.java:136)
at org.testng.Assert.assertEquals(Assert.java:118)
at org.testng.Assert.assertEquals(Assert.java:575)
at org.testng.Assert.assertEquals(Assert.java:585)
at objects.DormBedding.getTitle(DormBedding.java:27)
at objects.DormBedding.dormBeddingSteps(DormBedding.java:42)
at com.target.qa.test.categories.CategoriesTestClass.getCategories(CategoriesTestClass.java:12)
at java.base/jdk.internal.reflect.NativeMethodAccessorImpl.invoke0(Native Method)
at java.base/jdk.internal.reflect.NativeMethodAccessorImpl.invoke(NativeMethodAccessorImpl.java:77)
at java.base/jdk.internal.reflect.DelegatingMethodAccessorImpl.invoke(DelegatingMethodAccessorImpl.java:43)
at java.base/java.lang.reflect.Method.invoke(Method.java:568)
at org.testng.internal.MethodInvocationHelper.invokeMethod(MethodInvocationHelper.java:134)
at org.testng.internal.TestInvoker.invokeMethod(TestInvoker.java:597)
at org.testng.internal.TestInvoker.invokeTestMethod(TestInvoker.java:173)
at org.testng.internal.MethodRunner.runInSequence(MethodRunner.java:46)
at org.testng.internal.TestInvoker$MethodInvocationAgent.invoke(TestInvoker.java:816)
at org.testng.internal.TestInvoker.invokeTestMethods(TestInvoker.java:146)
at org.testng.internal.TestMethodWorker.invokeTestMethods(TestMethodWorker.java:146)
at org.testng.internal.TestMethodWorker.run(TestMethodWorker.java:128)
at java.base/java.util.ArrayList.forEach(ArrayList.java:1511)
at org.testng.TestRunner.privateRun(TestRunner.java:766)
at org.testng.TestRunner.run(TestRunner.java:587)
at org.testng.SuiteRunner.runTest(SuiteRunner.java:384)
at org.testng.SuiteRunner.runSequentially(SuiteRunner.java:378)
at org.testng.SuiteRunner.privateRun(SuiteRunner.java:337)
at org.testng.SuiteRunner.run(SuiteRunner.java:286)
at org.testng.SuiteRunnerWorker.runSuite(SuiteRunnerWorker.java:53)
at org.testng.SuiteRunnerWorker.run(SuiteRunnerWorker.java:96)
at org.testng.TestNG.runSuitesSequentially(TestNG.java:1187)
at org.testng.TestNG.runSuitesLocally(TestNG.java:1109)
at org.testng.TestNG.runSuites(TestNG.java:1039)
at org.testng.TestNG.run(TestNG.java:1007)
at org.testng.remote.AbstractRemoteTestNG.run(AbstractRemoteTestNG.java:115)
at org.testng.remote.RemoteTestNG.initAndRun(RemoteTestNG.java:251)
at org.testng.remote.RemoteTestNG.main(RemoteTestNG.java:77)
]]>
    </failure>
  </testcase> <!-- getCategories -->
  <system-out>
[[ChromeDriver: chrome on WINDOWS (c7c3a39756914f8c7e941fad29cd940c)] -> xpath: //a[text()='Categories']] This element has been clicked<br> [[ChromeDriver: chrome on WINDOWS (c7c3a39756914f8c7e941fad29cd940c)] -> xpath: //span[text()='College']] This element has been clicked<br> [[ChromeDriver: chrome on WINDOWS (c7c3a39756914f8c7e941fad29cd940c)] -> xpath: //span[text()='Dorm Must Haves']] This element has been clicked<br> [[ChromeDriver: chrome on WINDOWS (c7c3a39756914f8c7e941fad29cd940c)] -> xpath: //h1[text()='Dorm Must Haves']] :has value---->Dorm Must Haves<br> [[ChromeDriver: chrome on WINDOWS (c7c3a39756914f8c7e941fad29cd940c)] -> xpath: //h1[text()='Dorm Must Haves']] :has value---->Dorm Must Haves<br> Current Url is: https://www.target.com/c/dorm-must-haves/-/N-vwnyd<br> Current Url is: https://www.target.com/c/dorm-must-haves/-/N-vwnyd<br> [[ChromeDriver: chrome on WINDOWS (c7c3a39756914f8c7e941fad29cd940c)] -> xpath: //h1[text()='Dorm Must Haves']] This element has been clicked<br> [[ChromeDriver: chrome on WINDOWS (c7c3a39756914f8c7e941fad29cd940c)] -> css selector: div.styles__HeadingContainer-sc-4tej7h-0.hVEHfS] :has value---->Dorm Must Haves<br>  </system-out>
</testsuite> <!-- com.target.qa.test.categories.CategoriesTestClass -->
